# JRE version: OpenJDK Runtime Environment Temurin-17.0.12+7 (17.0.12+7) (build 17.0.12+7)
# Java VM: OpenJDK 64-Bit Server VM Temurin-17.0.12+7 (17.0.12+7, mixed mode, tiered, compressed oops, compressed class ptrs, parallel gc, windows-amd64)
GC Precious Log:
 CPUs: 20 total, 20 available
 Memory: 32538M
 Large Page Support: Disabled
 NUMA Support: Disabled
 Compressed Oops: Enabled (32-bit)
 Alignments: Space 512K, Generation 512K, Heap 2M
 Heap Min Capacity: 100M
 Heap Initial Capacity: 100M
 Heap Max Capacity: 1G
 Pre-touch: Disabled
 Parallel Workers: 15
Heap:
 PSYoungGen      total 2048K, used 1521K [0x00000000eab00000, 0x00000000eb700000, 0x0000000100000000)
  eden space 512K, 0% used [0x00000000eab00000,0x00000000eab00000,0x00000000eab80000)
  from space 1536K, 99% used [0x00000000eaf80000,0x00000000eb0fc740,0x00000000eb100000)
  to   space 4096K, 0% used [0x00000000eab80000,0x00000000eab80000,0x00000000eaf80000)
 ParOldGen       total 331776K, used 331345K [0x00000000c0000000, 0x00000000d4400000, 0x00000000eab00000)
  object space 331776K, 99% used [0x00000000c0000000,0x00000000d43946b8,0x00000000d4400000)
 Metaspace       used 95785K, committed 97216K, reserved 1179648K
  class space    used 9718K, committed 10304K, reserved 1048576K
GC Heap History (20 events):
Event: 363.362 GC heap after
{Heap after GC invocations=637 (full 12):
 PSYoungGen      total 3584K, used 1600K [0x00000000eab00000, 0x00000000eb100000, 0x0000000100000000)
  eden space 1536K, 0% used [0x00000000eab00000,0x00000000eab00000,0x00000000eac80000)
  from space 2048K, 78% used [0x00000000eac80000,0x00000000eae10000,0x00000000eae80000)
  to   space 2048K, 0% used [0x00000000eaf00000,0x00000000eaf00000,0x00000000eb100000)
 ParOldGen       total 331264K, used 323155K [0x00000000c0000000, 0x00000000d4380000, 0x00000000eab00000)
  object space 331264K, 97% used [0x00000000c0000000,0x00000000d3b94e68,0x00000000d4380000)
 Metaspace       used 95776K, committed 97216K, reserved 1179648K
  class space    used 9718K, committed 10304K, reserved 1048576K
}
Event: 363.364 GC heap before
{Heap before GC invocations=638 (full 12):
 PSYoungGen      total 3584K, used 3136K [0x00000000eab00000, 0x00000000eb100000, 0x0000000100000000)
  eden space 1536K, 100% used [0x00000000eab00000,0x00000000eac80000,0x00000000eac80000)
  from space 2048K, 78% used [0x00000000eac80000,0x00000000eae10000,0x00000000eae80000)
  to   space 2048K, 0% used [0x00000000eaf00000,0x00000000eaf00000,0x00000000eb100000)
 ParOldGen       total 331264K, used 323155K [0x00000000c0000000, 0x00000000d4380000, 0x00000000eab00000)
  object space 331264K, 97% used [0x00000000c0000000,0x00000000d3b94e68,0x00000000d4380000)
 Metaspace       used 95776K, committed 97216K, reserved 1179648K
  class space    used 9718K, committed 10304K, reserved 1048576K
}
Event: 363.365 GC heap after
{Heap after GC invocations=638 (full 12):
 PSYoungGen      total 3584K, used 1344K [0x00000000eab00000, 0x00000000eb080000, 0x0000000100000000)
  eden space 2048K, 0% used [0x00000000eab00000,0x00000000eab00000,0x00000000ead00000)
  from space 1536K, 87% used [0x00000000eaf00000,0x00000000eb050000,0x00000000eb080000)
  to   space 1536K, 0% used [0x00000000ead80000,0x00000000ead80000,0x00000000eaf00000)
 ParOldGen       total 331264K, used 324627K [0x00000000c0000000, 0x00000000d4380000, 0x00000000eab00000)
  object space 331264K, 97% used [0x00000000c0000000,0x00000000d3d04e68,0x00000000d4380000)
 Metaspace       used 95776K, committed 97216K, reserved 1179648K
  class space    used 9718K, committed 10304K, reserved 1048576K
}
Event: 363.368 GC heap before
{Heap before GC invocations=639 (full 12):
 PSYoungGen      total 3584K, used 3392K [0x00000000eab00000, 0x00000000eb080000, 0x0000000100000000)
  eden space 2048K, 100% used [0x00000000eab00000,0x00000000ead00000,0x00000000ead00000)
  from space 1536K, 87% used [0x00000000eaf00000,0x00000000eb050000,0x00000000eb080000)
  to   space 1536K, 0% used [0x00000000ead80000,0x00000000ead80000,0x00000000eaf00000)
 ParOldGen       total 331264K, used 324627K [0x00000000c0000000, 0x00000000d4380000, 0x00000000eab00000)
  object space 331264K, 97% used [0x00000000c0000000,0x00000000d3d04e68,0x00000000d4380000)
 Metaspace       used 95776K, committed 97216K, reserved 1179648K
  class space    used 9718K, committed 10304K, reserved 1048576K
}
Event: 363.369 GC heap after
{Heap after GC invocations=639 (full 12):
 PSYoungGen      total 4096K, used 992K [0x00000000eab00000, 0x00000000eb080000, 0x0000000100000000)
  eden space 2560K, 0% used [0x00000000eab00000,0x00000000eab00000,0x00000000ead80000)
  from space 1536K, 64% used [0x00000000ead80000,0x00000000eae78000,0x00000000eaf00000)
  to   space 1536K, 0% used [0x00000000eaf00000,0x00000000eaf00000,0x00000000eb080000)
 ParOldGen       total 331264K, used 325806K [0x00000000c0000000, 0x00000000d4380000, 0x00000000eab00000)
  object space 331264K, 98% used [0x00000000c0000000,0x00000000d3e2b8c0,0x00000000d4380000)
 Metaspace       used 95776K, committed 97216K, reserved 1179648K
  class space    used 9718K, committed 10304K, reserved 1048576K
}
Event: 363.373 GC heap before
{Heap before GC invocations=640 (full 12):
 PSYoungGen      total 4096K, used 3552K [0x00000000eab00000, 0x00000000eb080000, 0x0000000100000000)
  eden space 2560K, 100% used [0x00000000eab00000,0x00000000ead80000,0x00000000ead80000)
  from space 1536K, 64% used [0x00000000ead80000,0x00000000eae78000,0x00000000eaf00000)
  to   space 1536K, 0% used [0x00000000eaf00000,0x00000000eaf00000,0x00000000eb080000)
 ParOldGen       total 331264K, used 325806K [0x00000000c0000000, 0x00000000d4380000, 0x00000000eab00000)
  object space 331264K, 98% used [0x00000000c0000000,0x00000000d3e2b8c0,0x00000000d4380000)
 Metaspace       used 95776K, committed 97216K, reserved 1179648K
  class space    used 9718K, committed 10304K, reserved 1048576K
}
Event: 363.373 GC heap after
{Heap after GC invocations=640 (full 12):
 PSYoungGen      total 4096K, used 544K [0x00000000eab00000, 0x00000000eb000000, 0x0000000100000000)
  eden space 3072K, 0% used [0x00000000eab00000,0x00000000eab00000,0x00000000eae00000)
  from space 1024K, 53% used [0x00000000eaf00000,0x00000000eaf88000,0x00000000eb000000)
  to   space 1024K, 0% used [0x00000000eae00000,0x00000000eae00000,0x00000000eaf00000)
 ParOldGen       total 331264K, used 326550K [0x00000000c0000000, 0x00000000d4380000, 0x00000000eab00000)
  object space 331264K, 98% used [0x00000000c0000000,0x00000000d3ee58c0,0x00000000d4380000)
 Metaspace       used 95776K, committed 97216K, reserved 1179648K
  class space    used 9718K, committed 10304K, reserved 1048576K
}
Event: 363.377 GC heap before
{Heap before GC invocations=641 (full 12):
 PSYoungGen      total 4096K, used 3616K [0x00000000eab00000, 0x00000000eb000000, 0x0000000100000000)
  eden space 3072K, 100% used [0x00000000eab00000,0x00000000eae00000,0x00000000eae00000)
  from space 1024K, 53% used [0x00000000eaf00000,0x00000000eaf88000,0x00000000eb000000)
  to   space 1024K, 0% used [0x00000000eae00000,0x00000000eae00000,0x00000000eaf00000)
 ParOldGen       total 331264K, used 326550K [0x00000000c0000000, 0x00000000d4380000, 0x00000000eab00000)
  object space 331264K, 98% used [0x00000000c0000000,0x00000000d3ee58c0,0x00000000d4380000)
 Metaspace       used 95780K, committed 97216K, reserved 1179648K
  class space    used 9718K, committed 10304K, reserved 1048576K
}
Event: 363.378 GC heap after
{Heap after GC invocations=641 (full 12):
 PSYoungGen      total 4096K, used 448K [0x00000000eab00000, 0x00000000eb100000, 0x0000000100000000)
  eden space 3072K, 0% used [0x00000000eab00000,0x00000000eab00000,0x00000000eae00000)
  from space 1024K, 43% used [0x00000000eae00000,0x00000000eae70000,0x00000000eaf00000)
  to   space 1024K, 0% used [0x00000000eb000000,0x00000000eb000000,0x00000000eb100000)
 ParOldGen       total 331264K, used 326918K [0x00000000c0000000, 0x00000000d4380000, 0x00000000eab00000)
  object space 331264K, 98% used [0x00000000c0000000,0x00000000d3f418c0,0x00000000d4380000)
 Metaspace       used 95780K, committed 97216K, reserved 1179648K
  class space    used 9718K, committed 10304K, reserved 1048576K
}
Event: 363.382 GC heap before
{Heap before GC invocations=642 (full 12):
 PSYoungGen      total 4096K, used 3520K [0x00000000eab00000, 0x00000000eb100000, 0x0000000100000000)
  eden space 3072K, 100% used [0x00000000eab00000,0x00000000eae00000,0x00000000eae00000)
  from space 1024K, 43% used [0x00000000eae00000,0x00000000eae70000,0x00000000eaf00000)
  to   space 1024K, 0% used [0x00000000eb000000,0x00000000eb000000,0x00000000eb100000)
 ParOldGen       total 331264K, used 326918K [0x00000000c0000000, 0x00000000d4380000, 0x00000000eab00000)
  object space 331264K, 98% used [0x00000000c0000000,0x00000000d3f418c0,0x00000000d4380000)
 Metaspace       used 95784K, committed 97216K, reserved 1179648K
  class space    used 9718K, committed 10304K, reserved 1048576K
}
Event: 363.382 GC heap after
{Heap after GC invocations=642 (full 12):
 PSYoungGen      total 4608K, used 416K [0x00000000eab00000, 0x00000000eb080000, 0x0000000100000000)
  eden space 4096K, 0% used [0x00000000eab00000,0x00000000eab00000,0x00000000eaf00000)
  from space 512K, 81% used [0x00000000eb000000,0x00000000eb068000,0x00000000eb080000)
  to   space 512K, 0% used [0x00000000eaf80000,0x00000000eaf80000,0x00000000eb000000)
 ParOldGen       total 331264K, used 327078K [0x00000000c0000000, 0x00000000d4380000, 0x00000000eab00000)
  object space 331264K, 98% used [0x00000000c0000000,0x00000000d3f698c0,0x00000000d4380000)
 Metaspace       used 95784K, committed 97216K, reserved 1179648K
  class space    used 9718K, committed 10304K, reserved 1048576K
}
Event: 363.552 GC heap before
{Heap before GC invocations=643 (full 12):
 PSYoungGen      total 4608K, used 4511K [0x00000000eab00000, 0x00000000eb080000, 0x0000000100000000)
  eden space 4096K, 99% used [0x00000000eab00000,0x00000000eaeffff8,0x00000000eaf00000)
  from space 512K, 81% used [0x00000000eb000000,0x00000000eb068000,0x00000000eb080000)
  to   space 512K, 0% used [0x00000000eaf80000,0x00000000eaf80000,0x00000000eb000000)
 ParOldGen       total 331264K, used 327078K [0x00000000c0000000, 0x00000000d4380000, 0x00000000eab00000)
  object space 331264K, 98% used [0x00000000c0000000,0x00000000d3f698c0,0x00000000d4380000)
 Metaspace       used 95784K, committed 97216K, reserved 1179648K
  class space    used 9718K, committed 10304K, reserved 1048576K
}
Event: 363.553 GC heap after
{Heap after GC invocations=643 (full 12):
 PSYoungGen      total 4608K, used 512K [0x00000000eab00000, 0x00000000eb100000, 0x0000000100000000)
  eden space 4096K, 0% used [0x00000000eab00000,0x00000000eab00000,0x00000000eaf00000)
  from space 512K, 100% used [0x00000000eaf80000,0x00000000eb000000,0x00000000eb000000)
  to   space 1024K, 0% used [0x00000000eb000000,0x00000000eb000000,0x00000000eb100000)
 ParOldGen       total 331264K, used 327230K [0x00000000c0000000, 0x00000000d4380000, 0x00000000eab00000)
  object space 331264K, 98% used [0x00000000c0000000,0x00000000d3f8f8d0,0x00000000d4380000)
 Metaspace       used 95784K, committed 97216K, reserved 1179648K
  class space    used 9718K, committed 10304K, reserved 1048576K
}
Event: 363.560 GC heap before
{Heap before GC invocations=644 (full 12):
 PSYoungGen      total 4608K, used 4608K [0x00000000eab00000, 0x00000000eb100000, 0x0000000100000000)
  eden space 4096K, 100% used [0x00000000eab00000,0x00000000eaf00000,0x00000000eaf00000)
  from space 512K, 100% used [0x00000000eaf80000,0x00000000eb000000,0x00000000eb000000)
  to   space 1024K, 0% used [0x00000000eb000000,0x00000000eb000000,0x00000000eb100000)
 ParOldGen       total 331264K, used 327230K [0x00000000c0000000, 0x00000000d4380000, 0x00000000eab00000)
  object space 331264K, 98% used [0x00000000c0000000,0x00000000d3f8f8d0,0x00000000d4380000)
 Metaspace       used 95784K, committed 97216K, reserved 1179648K
  class space    used 9718K, committed 10304K, reserved 1048576K
}
Event: 363.561 GC heap after
{Heap after GC invocations=644 (full 12):
 PSYoungGen      total 4096K, used 1024K [0x00000000eab00000, 0x00000000eb300000, 0x0000000100000000)
  eden space 3072K, 0% used [0x00000000eab00000,0x00000000eab00000,0x00000000eae00000)
  from space 1024K, 100% used [0x00000000eb000000,0x00000000eb100000,0x00000000eb100000)
  to   space 2048K, 0% used [0x00000000eae00000,0x00000000eae00000,0x00000000eb000000)
 ParOldGen       total 331264K, used 328014K [0x00000000c0000000, 0x00000000d4380000, 0x00000000eab00000)
  object space 331264K, 99% used [0x00000000c0000000,0x00000000d40538e0,0x00000000d4380000)
 Metaspace       used 95784K, committed 97216K, reserved 1179648K
  class space    used 9718K, committed 10304K, reserved 1048576K
}
Event: 363.838 GC heap before
{Heap before GC invocations=645 (full 12):
 PSYoungGen      total 4096K, used 4096K [0x00000000eab00000, 0x00000000eb300000, 0x0000000100000000)
  eden space 3072K, 100% used [0x00000000eab00000,0x00000000eae00000,0x00000000eae00000)
  from space 1024K, 100% used [0x00000000eb000000,0x00000000eb100000,0x00000000eb100000)
  to   space 2048K, 0% used [0x00000000eae00000,0x00000000eae00000,0x00000000eb000000)
 ParOldGen       total 331264K, used 328014K [0x00000000c0000000, 0x00000000d4380000, 0x00000000eab00000)
  object space 331264K, 99% used [0x00000000c0000000,0x00000000d40538e0,0x00000000d4380000)
 Metaspace       used 95785K, committed 97216K, reserved 1179648K
  class space    used 9718K, committed 10304K, reserved 1048576K
}
Event: 363.839 GC heap after
{Heap after GC invocations=645 (full 12):
 PSYoungGen      total 4608K, used 1184K [0x00000000eab00000, 0x00000000eb100000, 0x0000000100000000)
  eden space 3072K, 0% used [0x00000000eab00000,0x00000000eab00000,0x00000000eae00000)
  from space 1536K, 77% used [0x00000000eae00000,0x00000000eaf28020,0x00000000eaf80000)
  to   space 1536K, 0% used [0x00000000eaf80000,0x00000000eaf80000,0x00000000eb100000)
 ParOldGen       total 331264K, used 329075K [0x00000000c0000000, 0x00000000d4380000, 0x00000000eab00000)
  object space 331264K, 99% used [0x00000000c0000000,0x00000000d415ccf0,0x00000000d4380000)
 Metaspace       used 95785K, committed 97216K, reserved 1179648K
  class space    used 9718K, committed 10304K, reserved 1048576K
}
Event: 363.842 GC heap before
{Heap before GC invocations=646 (full 12):
 PSYoungGen      total 4608K, used 4256K [0x00000000eab00000, 0x00000000eb100000, 0x0000000100000000)
  eden space 3072K, 100% used [0x00000000eab00000,0x00000000eae00000,0x00000000eae00000)
  from space 1536K, 77% used [0x00000000eae00000,0x00000000eaf28020,0x00000000eaf80000)
  to   space 1536K, 0% used [0x00000000eaf80000,0x00000000eaf80000,0x00000000eb100000)
 ParOldGen       total 331264K, used 329075K [0x00000000c0000000, 0x00000000d4380000, 0x00000000eab00000)
  object space 331264K, 99% used [0x00000000c0000000,0x00000000d415ccf0,0x00000000d4380000)
 Metaspace       used 95785K, committed 97216K, reserved 1179648K
  class space    used 9718K, committed 10304K, reserved 1048576K
}
Event: 363.843 GC heap after
{Heap after GC invocations=646 (full 12):
 PSYoungGen      total 2048K, used 1521K [0x00000000eab00000, 0x00000000eb700000, 0x0000000100000000)
  eden space 512K, 0% used [0x00000000eab00000,0x00000000eab00000,0x00000000eab80000)
  from space 1536K, 99% used [0x00000000eaf80000,0x00000000eb0fc740,0x00000000eb100000)
  to   space 4096K, 0% used [0x00000000eab80000,0x00000000eab80000,0x00000000eaf80000)
 ParOldGen       total 331776K, used 331345K [0x00000000c0000000, 0x00000000d4400000, 0x00000000eab00000)
  object space 331776K, 99% used [0x00000000c0000000,0x00000000d43946b8,0x00000000d4400000)
 Metaspace       used 95785K, committed 97216K, reserved 1179648K
  class space    used 9718K, committed 10304K, reserved 1048576K
}
Event: 363.843 GC heap before
{Heap before GC invocations=647 (full 13):
 PSYoungGen      total 2048K, used 1521K [0x00000000eab00000, 0x00000000eb700000, 0x0000000100000000)
  eden space 512K, 0% used [0x00000000eab00000,0x00000000eab00000,0x00000000eab80000)
  from space 1536K, 99% used [0x00000000eaf80000,0x00000000eb0fc740,0x00000000eb100000)
  to   space 4096K, 0% used [0x00000000eab80000,0x00000000eab80000,0x00000000eaf80000)
 ParOldGen       total 331776K, used 331345K [0x00000000c0000000, 0x00000000d4400000, 0x00000000eab00000)
  object space 331776K, 99% used [0x00000000c0000000,0x00000000d43946b8,0x00000000d4400000)
 Metaspace       used 95785K, committed 97216K, reserved 1179648K
  class space    used 9718K, committed 10304K, reserved 1048576K
}

